Using pre-set license
Built from '2022.1/staging' branch; Version is '2022.1.0b11 (9aaa156c3014) revision 10136085'; Using compiler version '192829333'; Build Type 'Release'
OS: 'Windows 11  (10.0.22000) 64bit CoreCountrySpecific' Language: 'zh' Physical Memory: 15734 MB
BatchMode: 1, IsHumanControllingUs: 0, StartBugReporterOnCrash: 0, Is64bit: 1, IsPro: 1

COMMAND LINE ARGUMENTS:
D:\Unity 2022.1.0b11\Editor\Unity.exe
-adb2
-batchMode
-noUpm
-name
AssetImportWorker0
-projectPath
D:/ghost
-logFile
Logs/AssetImportWorker0.log
-srvPort
13494
Successfully changed project path to: D:/ghost
D:/ghost
[UnityMemory] Configuration Parameters - Can be set up in boot.config
    "memorysetup-bucket-allocator-granularity=16"
    "memorysetup-bucket-allocator-bucket-count=8"
    "memorysetup-bucket-allocator-block-size=33554432"
    "memorysetup-bucket-allocator-block-count=8"
    "memorysetup-main-allocator-block-size=16777216"
    "memorysetup-thread-allocator-block-size=16777216"
    "memorysetup-gfx-main-allocator-block-size=16777216"
    "memorysetup-gfx-thread-allocator-block-size=16777216"
    "memorysetup-cache-allocator-block-size=4194304"
    "memorysetup-typetree-allocator-block-size=2097152"
    "memorysetup-profiler-bucket-allocator-granularity=16"
    "memorysetup-profiler-bucket-allocator-bucket-count=8"
    "memorysetup-profiler-bucket-allocator-block-size=33554432"
    "memorysetup-profiler-bucket-allocator-block-count=8"
    "memorysetup-profiler-allocator-block-size=16777216"
    "memorysetup-profiler-editor-allocator-block-size=1048576"
    "memorysetup-temp-allocator-size-main=16777216"
    "memorysetup-job-temp-allocator-block-size=2097152"
    "memorysetup-job-temp-allocator-block-size-background=1048576"
    "memorysetup-job-temp-allocator-reduction-small-platforms=262144"
    "memorysetup-temp-allocator-size-background-worker=32768"
    "memorysetup-temp-allocator-size-job-worker=262144"
    "memorysetup-temp-allocator-size-preload-manager=33554432"
    "memorysetup-temp-allocator-size-nav-mesh-worker=65536"
    "memorysetup-temp-allocator-size-audio-worker=65536"
    "memorysetup-temp-allocator-size-cloud-worker=32768"
    "memorysetup-temp-allocator-size-gi-baking-worker=262144"
    "memorysetup-temp-allocator-size-gfx=262144"
Refreshing native plugins compatible for Editor in 82.20 ms, found 3 plugins.
Preloading 0 native plugins for Editor in 0.00 ms.
Initialize engine version: 2022.1.0b11 (9aaa156c3014)
[Subsystems] Discovering subsystems at path D:/Unity 2022.1.0b11/Editor/Data/Resources/UnitySubsystems
[Subsystems] Discovering subsystems at path D:/ghost/Assets
GfxDevice: creating device client; threaded=0; jobified=0
Direct3D:
    Version:  Direct3D 11.0 [level 11.1]
    Renderer: AMD Radeon(TM) Graphics (ID=0x1636)
    Vendor:   ATI
    VRAM:     7867 MB
    Driver:   27.20.11028.11001
Initialize mono
Mono path[0] = 'D:/Unity 2022.1.0b11/Editor/Data/Managed'
Mono path[1] = 'D:/Unity 2022.1.0b11/Editor/Data/MonoBleedingEdge/lib/mono/unityjit-win32'
Mono config path = 'D:/Unity 2022.1.0b11/Editor/Data/MonoBleedingEdge/etc'
Using monoOptions --debugger-agent=transport=dt_socket,embedding=1,server=y,suspend=n,address=127.0.0.1:56600
Begin MonoManager ReloadAssembly
Registering precompiled unity dll's ...
Register platform support module: D:/Unity 2022.1.0b11/Editor/Data/PlaybackEngines/WindowsStandaloneSupport/UnityEditor.WindowsStandalone.Extensions.dll
Registered in 0.001723 seconds.
Native extension for WindowsStandalone target not found
Refreshing native plugins compatible for Editor in 82.75 ms, found 3 plugins.
Preloading 0 native plugins for Editor in 0.00 ms.
Mono: successfully reloaded assembly
- Completed reload, in  0.840 seconds
Domain Reload Profiling:
	ReloadAssembly (841ms)
		BeginReloadAssembly (187ms)
			ExecutionOrderSort (0ms)
			DisableScriptedObjects (0ms)
			BackupInstance (0ms)
			ReleaseScriptingObjects (0ms)
			CreateAndSetChildDomain (1ms)
		EndReloadAssembly (539ms)
			LoadAssemblies (187ms)
			RebuildTransferFunctionScriptingTraits (0ms)
			SetupTypeCache (126ms)
				TypeCache.Initialize (125ms)
					TypeCache.ScanAssembly (123ms)
				ResolveRequiredComponents (1ms)
			ReleaseScriptCaches (0ms)
			RebuildScriptCaches (42ms)
			SetupLoadedEditorAssemblies (317ms)
				LogAssemblyErrors (0ms)
				InitializePlatformSupportModulesInManaged (6ms)
				SetLoadedEditorAssemblies (8ms)
				RefreshPlugins (83ms)
				BeforeProcessingInitializeOnLoad (1ms)
				ProcessInitializeOnLoadAttributes (160ms)
				ProcessInitializeOnLoadMethodAttributes (58ms)
				AfterProcessingInitializeOnLoad (0ms)
				EditorAssembliesLoaded (0ms)
			ExecutionOrderSort2 (0ms)
			AwakeInstancesAfterBackupRestoration (0ms)
Platform modules already initialized, skipping
Registering precompiled user dll's ...
Registered in 0.021819 seconds.
Begin MonoManager ReloadAssembly
Symbol file LoadedFromMemory doesn't match image D:\ghost\Library\PackageCache\com.unity.visualscripting@1.7.5\Editor\VisualScripting.Core\Dependencies\YamlDotNet\Unity.VisualScripting.YamlDotNet.dll
Symbol file LoadedFromMemory doesn't match image D:\ghost\Library\PackageCache\com.unity.visualscripting@1.7.5\Editor\VisualScripting.Core\Dependencies\DotNetZip\Unity.VisualScripting.IonicZip.dll
Native extension for WindowsStandalone target not found
Refreshing native plugins compatible for Editor in 0.61 ms, found 3 plugins.
Preloading 0 native plugins for Editor in 0.00 ms.
System.Exception: Error! Visual Scripting: couldn't find visual scripting package
  at Unity.VisualScripting.PackageVersionUtility.get_version () [0x00043] in D:\ghost\Library\PackageCache\com.unity.visualscripting@1.7.5\Editor\VisualScripting.Core\Utilities\PackageVersionUtility.cs:31 
  at Unity.VisualScripting.BoltCoreManifest.get_version () [0x00000] in D:\ghost\Library\PackageCache\com.unity.visualscripting@1.7.5\Editor\VisualScripting.Core\Plugin\BoltCoreManifest.cs:11 
  at Unity.VisualScripting.PluginManifest.get_currentVersion () [0x00000] in D:\ghost\Library\PackageCache\com.unity.visualscripting@1.7.5\Editor\VisualScripting.Core\Plugins\PluginManifest.cs:33 
  at Unity.VisualScripting.PluginManifest.get_versionMismatch () [0x00000] in D:\ghost\Library\PackageCache\com.unity.visualscripting@1.7.5\Editor\VisualScripting.Core\Plugins\PluginManifest.cs:48 
  at Unity.VisualScripting.PluginContainer.Initialize () [0x00525] in D:\ghost\Library\PackageCache\com.unity.visualscripting@1.7.5\Editor\VisualScripting.Core\Plugins\PluginContainer.cs:208 
  at Unity.VisualScripting.PluginContainer.InitializeOnLoad () [0x00009] in D:\ghost\Library\PackageCache\com.unity.visualscripting@1.7.5\Editor\VisualScripting.Core\Plugins\PluginContainer.cs:32 
  at Unity.VisualScripting.VSUsageUtility.DoInitializeOnLoadCalls () [0x00034] in D:\ghost\Library\PackageCache\com.unity.visualscripting@1.7.5\Editor\VisualScripting.Core\Utilities\VSUsageUtility.cs:76 
  at Unity.VisualScripting.VSUsageUtility.set_isVisualScriptingUsed (System.Boolean value) [0x0002c] in D:\ghost\Library\PackageCache\com.unity.visualscripting@1.7.5\Editor\VisualScripting.Core\Utilities\VSUsageUtility.cs:114 
  at Unity.VisualScripting.VSUsageUtility.CheckAndSetIsVisualScriptingUsed () [0x00032] in D:\ghost\Library\PackageCache\com.unity.visualscripting@1.7.5\Editor\VisualScripting.Core\Utilities\VSUsageUtility.cs:48 
  at Unity.VisualScripting.VSUsageUtility..cctor () [0x00000] in D:\ghost\Library\PackageCache\com.unity.visualscripting@1.7.5\Editor\VisualScripting.Core\Utilities\VSUsageUtility.cs:22 
UnityEngine.StackTraceUtility:ExtractStackTrace ()
UnityEngine.DebugLogHandler:LogFormat (UnityEngine.LogType,UnityEngine.Object,string,object[])
UnityEngine.Logger:Log (UnityEngine.LogType,object)
UnityEngine.Debug:LogError (object)
UnityEditor.EditorAssemblies:ProcessInitializeOnLoadAttributes (System.Type[])

Mono: successfully reloaded assembly
- Completed reload, in  1.688 seconds
Domain Reload Profiling:
	ReloadAssembly (1689ms)
		BeginReloadAssembly (240ms)
			ExecutionOrderSort (0ms)
			DisableScriptedObjects (5ms)
			BackupInstance (0ms)
			ReleaseScriptingObjects (0ms)
			CreateAndSetChildDomain (24ms)
		EndReloadAssembly (1325ms)
			LoadAssemblies (191ms)
			RebuildTransferFunctionScriptingTraits (0ms)
			SetupTypeCache (279ms)
				TypeCache.Initialize (274ms)
					TypeCache.ScanAssembly (269ms)
				ResolveRequiredComponents (5ms)
			ReleaseScriptCaches (1ms)
			RebuildScriptCaches (69ms)
			SetupLoadedEditorAssemblies (833ms)
				LogAssemblyErrors (0ms)
				InitializePlatformSupportModulesInManaged (4ms)
				SetLoadedEditorAssemblies (6ms)
				RefreshPlugins (1ms)
				BeforeProcessingInitializeOnLoad (70ms)
				ProcessInitializeOnLoadAttributes (721ms)
				ProcessInitializeOnLoadMethodAttributes (28ms)
				AfterProcessingInitializeOnLoad (2ms)
				EditorAssembliesLoaded (0ms)
			ExecutionOrderSort2 (0ms)
			AwakeInstancesAfterBackupRestoration (9ms)
Platform modules already initialized, skipping
========================================================================
Worker process is ready to serve import requests
Launched and connected shader compiler UnityShaderCompiler.exe after 0.07 seconds
Refreshing native plugins compatible for Editor in 0.62 ms, found 3 plugins.
Preloading 0 native plugins for Editor in 0.00 ms.
Unloading 3465 Unused Serialized files (Serialized files now loaded: 1)
Unloading 36 unused Assets / (128.6 KB). Loaded Objects now: 3930.
Memory consumption went from 0.52 GB to 0.52 GB.
Total: 13.185100 ms (FindLiveObjects: 0.356600 ms CreateObjectMapping: 0.136100 ms MarkObjects: 12.539200 ms  DeleteObjects: 0.151100 ms)

AssetImportParameters requested are different than current active one (requested -> active):
  custom:video-decoder-ogg-theora: a1e56fd34408186e4bbccfd4996cb3dc -> 
  custom:container-muxer-webm: aa71ff27fc2769a1b78a27578f13a17b -> 
  custom:container-demuxer-webm: 4f35f7cbe854078d1ac9338744f61a02 -> 
  custom:video-encoder-webm-vp8: eb34c28f22e8b96e1ab97ce403110664 -> 
  custom:video-codec-MediaFoundation-h265: 746d11721c4dcdbdad8f713fa42b33f4 -> 
  custom:audio-encoder-webm-vorbis: bf7c407c2cedff20999df2af8eb42d56 -> 
  custom:framework-win-MediaFoundation: 216162199b28c13a410421893ffa2e32 -> 
  custom:container-demuxer-ogg: 62fdf1f143b41e24485cea50d1cbac27 -> 
  custom:video-decoder-webm-vp8: 9c59270c3fd7afecdb556c50c9e8de78 -> 
  custom:audio-decoder-ogg-vorbis: bf7c407c2cedff20999df2af8eb42d56 -> 
========================================================================
Received Import Request.
  Time since last request: 145061.614687 seconds.
  path: Assets/animation/LOGO_appear.controller
  artifactKey: Guid(55d5157aaf6ab9f49ba6e423d934ab32) Importer(2089858483,934ff659095e30574adcf32a4c2f97b5)
Start importing Assets/animation/LOGO_appear.controller using Guid(55d5157aaf6ab9f49ba6e423d934ab32) Importer(2089858483,934ff659095e30574adcf32a4c2f97b5) Generated GUIDs only implemented for interfaces!
 -> (artifact id: '4bdab9006863b5bb6e24fe4fa58eabba') in 0.089967 seconds 
========================================================================
Received Import Request.
  Time since last request: 0.000052 seconds.
  path: Assets/BOLT_TEST/New Script Graph.asset
  artifactKey: Guid(93c95ffb8501efa4681927bbd48d2567) Importer(2089858483,934ff659095e30574adcf32a4c2f97b5)
Start importing Assets/BOLT_TEST/New Script Graph.asset using Guid(93c95ffb8501efa4681927bbd48d2567) Importer(2089858483,934ff659095e30574adcf32a4c2f97b5) Generated GUIDs only implemented for interfaces!
 -> (artifact id: '9b6614457afc593ef3a59fa135c358ca') in 0.010149 seconds 
========================================================================
Received Import Request.
  Time since last request: 0.000080 seconds.
  path: Assets/Prefab/Player 1.prefab
  artifactKey: Guid(724c30fa2e33f83448824e164f951e3d) Importer(2089858483,934ff659095e30574adcf32a4c2f97b5)
Start importing Assets/Prefab/Player 1.prefab using Guid(724c30fa2e33f83448824e164f951e3d) Importer(2089858483,934ff659095e30574adcf32a4c2f97b5) Generated GUIDs only implemented for interfaces!
 -> (artifact id: '1f4e4317e4b4dd34e76ad01e88dbba25') in 0.017626 seconds 
========================================================================
Received Import Request.
  Time since last request: 0.000026 seconds.
  path: Assets/material/T_2.mat
  artifactKey: Guid(a2d89a756bd73064897ff2c89145d487) Importer(2089858483,934ff659095e30574adcf32a4c2f97b5)
Start importing Assets/material/T_2.mat using Guid(a2d89a756bd73064897ff2c89145d487) Importer(2089858483,934ff659095e30574adcf32a4c2f97b5) Generated GUIDs only implemented for interfaces!
 -> (artifact id: '47979835c2387cc5da8e22b344954c9c') in 0.016488 seconds 
========================================================================
Received Import Request.
  Time since last request: 0.000029 seconds.
  path: Assets/c#/Player.cs
  artifactKey: Guid(35f03f5166e69b14e8def31cad43ad71) Importer(2089858483,934ff659095e30574adcf32a4c2f97b5)
Start importing Assets/c#/Player.cs using Guid(35f03f5166e69b14e8def31cad43ad71) Importer(2089858483,934ff659095e30574adcf32a4c2f97b5) Generated GUIDs only implemented for interfaces!
 -> (artifact id: 'bea5a055c81a2d72b5706de3a45f3a6a') in 0.011992 seconds 
========================================================================
Received Import Request.
  Time since last request: 0.000039 seconds.
  path: Assets/Unity.VisualScripting.Generated/VisualScripting.Core/Property Providers/PropertyProvider_UnityEngine_UI_FontData.cs
  artifactKey: Guid(d50fb8524cf051b44ba4d7f8de6e16b6) Importer(2089858483,934ff659095e30574adcf32a4c2f97b5)
Start importing Assets/Unity.VisualScripting.Generated/VisualScripting.Core/Property Providers/PropertyProvider_UnityEngine_UI_FontData.cs using Guid(d50fb8524cf051b44ba4d7f8de6e16b6) Importer(2089858483,934ff659095e30574adcf32a4c2f97b5) Generated GUIDs only implemented for interfaces!
 -> (artifact id: '5904be953667d4d03c1c7bc984ad60bb') in 0.009498 seconds 
========================================================================
Received Import Request.
  Time since last request: 0.000040 seconds.
  path: Assets/animation/Camera_black.anim
  artifactKey: Guid(e2cb6a42d169a1e4b9e51600091439ca) Importer(2089858483,934ff659095e30574adcf32a4c2f97b5)
Start importing Assets/animation/Camera_black.anim using Guid(e2cb6a42d169a1e4b9e51600091439ca) Importer(2089858483,934ff659095e30574adcf32a4c2f97b5) Generated GUIDs only implemented for interfaces!
 -> (artifact id: 'ea046cab7095c984906e6efe0110b54e') in 0.015096 seconds 
========================================================================
Received Import Request.
  Time since last request: 0.000058 seconds.
  path: Assets/Unity.VisualScripting.Generated/VisualScripting.Core/Property Providers/PropertyProvider_UnityEngine_TextCore_Text_MarkToBaseAdjustmentRecord.cs
  artifactKey: Guid(59ab7e3c1812f5544ad55d3744850149) Importer(2089858483,934ff659095e30574adcf32a4c2f97b5)
Start importing Assets/Unity.VisualScripting.Generated/VisualScripting.Core/Property Providers/PropertyProvider_UnityEngine_TextCore_Text_MarkToBaseAdjustmentRecord.cs using Guid(59ab7e3c1812f5544ad55d3744850149) Importer(2089858483,934ff659095e30574adcf32a4c2f97b5) Generated GUIDs only implemented for interfaces!
 -> (artifact id: '7eb4d59ee14a60991cf5b4a7576533bc') in 0.014448 seconds 
========================================================================
Received Import Request.
  Time since last request: 0.000034 seconds.
  path: Assets/Scenes/New Render Texture.renderTexture
  artifactKey: Guid(4917ca606bc66c4498f984927b633bdc) Importer(2089858483,934ff659095e30574adcf32a4c2f97b5)
Start importing Assets/Scenes/New Render Texture.renderTexture using Guid(4917ca606bc66c4498f984927b633bdc) Importer(2089858483,934ff659095e30574adcf32a4c2f97b5) Generated GUIDs only implemented for interfaces!
 -> (artifact id: 'f21efac91c259de021caa176eace37a3') in 0.007594 seconds 
========================================================================
Received Import Request.
  Time since last request: 0.000025 seconds.
  path: Assets/chartlet/c.png
  artifactKey: Guid(b218d224668d280468269ef94070e28a) Importer(2089858483,934ff659095e30574adcf32a4c2f97b5)
Start importing Assets/chartlet/c.png using Guid(b218d224668d280468269ef94070e28a) Importer(2089858483,934ff659095e30574adcf32a4c2f97b5) Generated GUIDs only implemented for interfaces!
 -> (artifact id: 'd54a02e8fb449bf4e7b5f49bd3a4c8a6') in 0.023039 seconds 
========================================================================
Received Import Request.
  Time since last request: 0.000019 seconds.
  path: Assets/chartlet/windows.png
  artifactKey: Guid(bfc72d843dc29244a99e63d34290a11b) Importer(2089858483,934ff659095e30574adcf32a4c2f97b5)
Start importing Assets/chartlet/windows.png using Guid(bfc72d843dc29244a99e63d34290a11b) Importer(2089858483,934ff659095e30574adcf32a4c2f97b5) Generated GUIDs only implemented for interfaces!
 -> (artifact id: '6f0eb22455fe3adadffc7fbcfaf3e34b') in 0.027165 seconds 
========================================================================
Received Import Request.
  Time since last request: 0.000023 seconds.
  path: Assets/Unity.VisualScripting.Generated/VisualScripting.Core/Property Providers/PropertyProvider_UnityEngine_TextCore_Text_MarkToMarkAdjustmentRecord.cs
  artifactKey: Guid(9e0e761d5a7840449bbe690a2866757d) Importer(2089858483,934ff659095e30574adcf32a4c2f97b5)
Start importing Assets/Unity.VisualScripting.Generated/VisualScripting.Core/Property Providers/PropertyProvider_UnityEngine_TextCore_Text_MarkToMarkAdjustmentRecord.cs using Guid(9e0e761d5a7840449bbe690a2866757d) Importer(2089858483,934ff659095e30574adcf32a4c2f97b5) Generated GUIDs only implemented for interfaces!
 -> (artifact id: 'ea01390b5ed6692eb978b09b248489b6') in 0.012512 seconds 
========================================================================
Received Import Request.
  Time since last request: 0.000027 seconds.
  path: Assets/Unity.VisualScripting.Generated/VisualScripting.Core/Property Providers/PropertyProvider_UnityEngine_UI_ColorBlock.cs
  artifactKey: Guid(1ee70a041eddf654d95e523508dd330b) Importer(2089858483,934ff659095e30574adcf32a4c2f97b5)
Start importing Assets/Unity.VisualScripting.Generated/VisualScripting.Core/Property Providers/PropertyProvider_UnityEngine_UI_ColorBlock.cs using Guid(1ee70a041eddf654d95e523508dd330b) Importer(2089858483,934ff659095e30574adcf32a4c2f97b5) Generated GUIDs only implemented for interfaces!
 -> (artifact id: '7ac1ea2ff68eed6380708349ff9e701e') in 0.006554 seconds 
========================================================================
Received Import Request.
  Time since last request: 0.000026 seconds.
  path: Assets/animation/LOGO_animator.controller
  artifactKey: Guid(5820d075e6d5bdf458ae53eeeb69f40b) Importer(2089858483,934ff659095e30574adcf32a4c2f97b5)
Start importing Assets/animation/LOGO_animator.controller using Guid(5820d075e6d5bdf458ae53eeeb69f40b) Importer(2089858483,934ff659095e30574adcf32a4c2f97b5) Generated GUIDs only implemented for interfaces!
 -> (artifact id: 'ae913cbceb38283873d3a01a702767c2') in 0.006509 seconds 
========================================================================
Received Import Request.
  Time since last request: 0.000056 seconds.
  path: Assets/chartlet/2_interlude.png
  artifactKey: Guid(a62c55eefe3d5c94aa41eb8567f01165) Importer(2089858483,934ff659095e30574adcf32a4c2f97b5)
Start importing Assets/chartlet/2_interlude.png using Guid(a62c55eefe3d5c94aa41eb8567f01165) Importer(2089858483,934ff659095e30574adcf32a4c2f97b5) Generated GUIDs only implemented for interfaces!
 -> (artifact id: '2c461b38dc371717f7b184c92fb00e45') in 0.012157 seconds 
========================================================================
Received Import Request.
  Time since last request: 0.000023 seconds.
  path: Assets/Unity.VisualScripting.Generated/VisualScripting.Core/Property Providers/PropertyProvider_UnityEngine_TextCore_Text_FontWeightPair.cs
  artifactKey: Guid(fe513f392feb5714cba0a8482b2924e9) Importer(2089858483,934ff659095e30574adcf32a4c2f97b5)
Start importing Assets/Unity.VisualScripting.Generated/VisualScripting.Core/Property Providers/PropertyProvider_UnityEngine_TextCore_Text_FontWeightPair.cs using Guid(fe513f392feb5714cba0a8482b2924e9) Importer(2089858483,934ff659095e30574adcf32a4c2f97b5) Generated GUIDs only implemented for interfaces!
 -> (artifact id: '46679ddf457d1840ec3c13ff835b746e') in 0.007689 seconds 
========================================================================
Received Import Request.
  Time since last request: 0.000039 seconds.
  path: Assets/Unity.VisualScripting.Generated/VisualScripting.Core/Property Providers/PropertyProvider_UnityEngine_TextCore_LowLevel_GlyphPairAdjustmentRecord.cs
  artifactKey: Guid(2e135f51b257e514aa5178489d8a9244) Importer(2089858483,934ff659095e30574adcf32a4c2f97b5)
Start importing Assets/Unity.VisualScripting.Generated/VisualScripting.Core/Property Providers/PropertyProvider_UnityEngine_TextCore_LowLevel_GlyphPairAdjustmentRecord.cs using Guid(2e135f51b257e514aa5178489d8a9244) Importer(2089858483,934ff659095e30574adcf32a4c2f97b5) Generated GUIDs only implemented for interfaces!
 -> (artifact id: 'c4a072230486e1cb2725fb2c92403012') in 0.007305 seconds 
========================================================================
Received Import Request.
  Time since last request: 0.000064 seconds.
  path: Assets/Prefab/T_3.prefab
  artifactKey: Guid(014aeeab2f0da304aaf7633fcc4ab8be) Importer(2089858483,934ff659095e30574adcf32a4c2f97b5)
Start importing Assets/Prefab/T_3.prefab using Guid(014aeeab2f0da304aaf7633fcc4ab8be) Importer(2089858483,934ff659095e30574adcf32a4c2f97b5) Generated GUIDs only implemented for interfaces!
 -> (artifact id: '17c22ece325604e1e99263fae9e47b8f') in 0.006359 seconds 
========================================================================
Received Import Request.
  Time since last request: 0.000023 seconds.
  path: Assets/Unity.VisualScripting.Generated/VisualScripting.Core/Property Providers/PropertyProvider_UnityEngine_UI_Navigation.cs
  artifactKey: Guid(334cc991a5533c84fad99e97b85cc8a3) Importer(2089858483,934ff659095e30574adcf32a4c2f97b5)
Start importing Assets/Unity.VisualScripting.Generated/VisualScripting.Core/Property Providers/PropertyProvider_UnityEngine_UI_Navigation.cs using Guid(334cc991a5533c84fad99e97b85cc8a3) Importer(2089858483,934ff659095e30574adcf32a4c2f97b5) Generated GUIDs only implemented for interfaces!
 -> (artifact id: 'e7002972f0211c824bb8f0ac51e3db09') in 0.006618 seconds 
========================================================================
Received Import Request.
  Time since last request: 0.000026 seconds.
  path: Assets/Unity.VisualScripting.Generated/VisualScripting.Core/Property Providers/PropertyProvider_TMPro_TMP_Dropdown_OptionDataList.cs
  artifactKey: Guid(b778e149ebe978c47944ec8b50bcd43e) Importer(2089858483,934ff659095e30574adcf32a4c2f97b5)
Start importing Assets/Unity.VisualScripting.Generated/VisualScripting.Core/Property Providers/PropertyProvider_TMPro_TMP_Dropdown_OptionDataList.cs using Guid(b778e149ebe978c47944ec8b50bcd43e) Importer(2089858483,934ff659095e30574adcf32a4c2f97b5) Generated GUIDs only implemented for interfaces!
 -> (artifact id: 'c757948afe242bee77675db75e377b97') in 0.008120 seconds 
========================================================================
Received Import Request.
  Time since last request: 0.000031 seconds.
  path: Assets/Prefab/end.prefab
  artifactKey: Guid(fc640d18b8dc43b419c529b1fcda701f) Importer(2089858483,934ff659095e30574adcf32a4c2f97b5)
Start importing Assets/Prefab/end.prefab using Guid(fc640d18b8dc43b419c529b1fcda701f) Importer(2089858483,934ff659095e30574adcf32a4c2f97b5) Generated GUIDs only implemented for interfaces!
 -> (artifact id: '4aebb6bd223f0ceaaa99b830626ee637') in 0.009941 seconds 
========================================================================
Received Import Request.
  Time since last request: 0.000051 seconds.
  path: Assets/Unity.VisualScripting.Generated/VisualScripting.Core/Property Providers/PropertyProvider_UnityEngine_UI_Dropdown_OptionDataList.cs
  artifactKey: Guid(6d145203dccf37342b4733ce50b0eb82) Importer(2089858483,934ff659095e30574adcf32a4c2f97b5)
Start importing Assets/Unity.VisualScripting.Generated/VisualScripting.Core/Property Providers/PropertyProvider_UnityEngine_UI_Dropdown_OptionDataList.cs using Guid(6d145203dccf37342b4733ce50b0eb82) Importer(2089858483,934ff659095e30574adcf32a4c2f97b5) Generated GUIDs only implemented for interfaces!
 -> (artifact id: 'dec85fdea1cbef8ebb27a3a7782b7e90') in 0.009861 seconds 
========================================================================
Received Import Request.
  Time since last request: 0.000030 seconds.
  path: Assets/animation/LOGO_awaite.anim
  artifactKey: Guid(544f7de535174704fb4b7a5f338bbeb8) Importer(2089858483,934ff659095e30574adcf32a4c2f97b5)
Start importing Assets/animation/LOGO_awaite.anim using Guid(544f7de535174704fb4b7a5f338bbeb8) Importer(2089858483,934ff659095e30574adcf32a4c2f97b5) Generated GUIDs only implemented for interfaces!
 -> (artifact id: '9ae8f021fa8fd73b56c73c9cf9acaac1') in 0.007223 seconds 
========================================================================
Received Import Request.
  Time since last request: 0.000026 seconds.
  path: Assets/c#/Player_1.cs
  artifactKey: Guid(a61a04b4d157ea445a4022ad704e7342) Importer(2089858483,934ff659095e30574adcf32a4c2f97b5)
Start importing Assets/c#/Player_1.cs using Guid(a61a04b4d157ea445a4022ad704e7342) Importer(2089858483,934ff659095e30574adcf32a4c2f97b5) Generated GUIDs only implemented for interfaces!
 -> (artifact id: '70d2fc85e318f6ad12e35f1fad2879ff') in 0.008737 seconds 
========================================================================
Received Import Request.
  Time since last request: 0.000026 seconds.
  path: Assets/Prefab/T_2.prefab
  artifactKey: Guid(76f6788543c23cb4cbf271b683771aee) Importer(2089858483,934ff659095e30574adcf32a4c2f97b5)
Start importing Assets/Prefab/T_2.prefab using Guid(76f6788543c23cb4cbf271b683771aee) Importer(2089858483,934ff659095e30574adcf32a4c2f97b5) Generated GUIDs only implemented for interfaces!
 -> (artifact id: 'd3fc086ab5644e3ee74f55fa503cd892') in 0.007698 seconds 
========================================================================
Received Prepare
Refreshing native plugins compatible for Editor in 8.46 ms, found 3 plugins.
Preloading 0 native plugins for Editor in 0.00 ms.
Unloading 16 Unused Serialized files (Serialized files now loaded: 1)
Unloading 19 unused Assets / (94.2 KB). Loaded Objects now: 3931.
Memory consumption went from 69.4 MB to 69.3 MB.
Total: 14.011600 ms (FindLiveObjects: 0.407300 ms CreateObjectMapping: 0.359000 ms MarkObjects: 12.985400 ms  DeleteObjects: 0.257400 ms)

AssetImportParameters requested are different than current active one (requested -> active):
  custom:video-decoder-ogg-theora: a1e56fd34408186e4bbccfd4996cb3dc -> 
  custom:container-muxer-webm: aa71ff27fc2769a1b78a27578f13a17b -> 
  custom:container-demuxer-webm: 4f35f7cbe854078d1ac9338744f61a02 -> 
  custom:video-encoder-webm-vp8: eb34c28f22e8b96e1ab97ce403110664 -> 
  custom:video-codec-MediaFoundation-h265: 746d11721c4dcdbdad8f713fa42b33f4 -> 
  custom:audio-encoder-webm-vorbis: bf7c407c2cedff20999df2af8eb42d56 -> 
  custom:framework-win-MediaFoundation: 216162199b28c13a410421893ffa2e32 -> 
  custom:SearchIndexIgnoredProperties: e643bd26f0fe6173181afceb89e7c659 -> 
  custom:container-demuxer-ogg: 62fdf1f143b41e24485cea50d1cbac27 -> 
  custom:video-decoder-webm-vp8: 9c59270c3fd7afecdb556c50c9e8de78 -> 
  custom:audio-decoder-ogg-vorbis: bf7c407c2cedff20999df2af8eb42d56 -> 
Editor requested this worker to shutdown with reason: Scaling down because of idle timeout
AssetImportWorker is now disconnected from the server
Process exiting
Exiting without the bug reporter. Application will terminate with return code 0